<?xml version="1.0" encoding="UTF-8"?>
<!-- Generated by org.testng.reporters.JUnitReportReporter -->
<testsuite skipped="0" hostname="ubuntu-SATELLITE-L875-116" name="de.schwerin.jpa.create.TestKunde" tests="1" failures="0" timestamp="05 Jun 2017 16:11:07 GMT" time="0.312" errors="0">
  <testcase name="testCreateBankKunde" time="0.312" classname="de.schwerin.jpa.create.TestKunde"/>
</testsuite> <!-- de.schwerin.jpa.create.TestKunde -->
