<?xml version="1.0" encoding="UTF-8"?>
<!-- Generated by org.testng.reporters.JUnitReportReporter -->
<testsuite skipped="0" hostname="ubuntu-SATELLITE-L875-116" name="de.schwerin.jpa.unidirektional.TestPerson" tests="1" failures="0" timestamp="25 Nov 2017 09:23:09 GMT" time="0.172" errors="0">
  <testcase name="testCreatePerson" time="0.172" classname="de.schwerin.jpa.unidirektional.TestPerson"/>
</testsuite> <!-- de.schwerin.jpa.unidirektional.TestPerson -->
