<?xml version="1.0" encoding="UTF-8"?>
<!-- Generated by org.testng.reporters.JUnitReportReporter -->
<testsuite skipped="0" hostname="ubuntu-SATELLITE-L875-116" name="de.schwerin.jpa.bidirektional.einzueins.TestPerson" tests="1" failures="0" timestamp="25 Nov 2017 09:50:56 GMT" time="41.154" errors="0">
  <testcase name="testCreatePerson" time="41.154" classname="de.schwerin.jpa.bidirektional.einzueins.TestPerson"/>
</testsuite> <!-- de.schwerin.jpa.bidirektional.einzueins.TestPerson -->
