<?xml version="1.0" encoding="UTF-8"?>
<!-- Generated by org.testng.reporters.JUnitReportReporter -->
<testsuite skipped="0" hostname="ubuntu-SATELLITE-L875-116" name="de.schwerin.jpa.TestKunde" tests="1" failures="0" timestamp="15 Apr 2017 17:21:30 GMT" time="0.145" errors="0">
  <testcase name="testCreateKunde" time="0.145" classname="de.schwerin.jpa.TestKunde"/>
</testsuite> <!-- de.schwerin.jpa.TestKunde -->
