<?xml version="1.0" encoding="UTF-8"?>
<!-- Generated by org.testng.reporters.JUnitReportReporter -->
<testsuite skipped="0" hostname="ubuntu-SATELLITE-L875-116" name="de.schwerin.jpa.basic.TestPersonMySql" tests="1" failures="0" timestamp="25 Nov 2017 04:47:08 GMT" time="5.327" errors="0">
  <testcase name="testCreatePerson" time="5.327" classname="de.schwerin.jpa.basic.TestPersonMySql"/>
</testsuite> <!-- de.schwerin.jpa.basic.TestPersonMySql -->
