<?xml version="1.0" encoding="UTF-8"?>
<!-- Generated by org.testng.reporters.JUnitReportReporter -->
<testsuite skipped="0" hostname="ubuntu-SATELLITE-L875-116" name="de.schwerin.jpa.create.TestBankKunde" tests="1" failures="0" timestamp="29 Okt 2017 10:13:35 GMT" time="0.190" errors="0">
  <testcase name="testCreateKunde" time="0.190" classname="de.schwerin.jpa.create.TestBankKunde"/>
</testsuite> <!-- de.schwerin.jpa.create.TestBankKunde -->
