<?xml version="1.0" encoding="UTF-8"?>
<!-- Generated by org.testng.reporters.JUnitReportReporter -->
<testsuite skipped="0" hostname="ubuntu-SATELLITE-L875-116" name="de.schwerin.jpa.create.TestPerson" tests="1" failures="0" timestamp="29 Okt 2017 12:41:42 GMT" time="5.298" errors="0">
  <testcase name="testCreatePerson" time="5.298" classname="de.schwerin.jpa.create.TestPerson"/>
</testsuite> <!-- de.schwerin.jpa.create.TestPerson -->
