<?xml version="1.0" encoding="UTF-8"?>
<!-- Generated by org.testng.reporters.JUnitReportReporter -->
<testsuite skipped="0" hostname="ubuntu-SATELLITE-L875-116" name="de.schwerin.jpa.basic.TestPersonHSQLDB" tests="1" failures="0" timestamp="19 Nov 2017 11:03:18 GMT" time="0.129" errors="0">
  <testcase name="testCreatePerson" time="0.129" classname="de.schwerin.jpa.basic.TestPersonHSQLDB"/>
</testsuite> <!-- de.schwerin.jpa.basic.TestPersonHSQLDB -->
